2024-02-12T14:11:34+00:00 INFO {"url":"cat-menu-furniture-4.jpg","data":{"errors":{"http_request_failed":["cURL error 28: Operation timed out after 5005 milliseconds with 0 bytes received"]},"error_data":[]}}
2024-02-12T14:11:39+00:00 INFO {"url":"cat-menu-furniture-4.jpg","data":{"errors":{"http_request_failed":["cURL error 28: Operation timed out after 5009 milliseconds with 0 bytes received"]},"error_data":[]}}
2024-02-12T14:11:44+00:00 INFO {"url":"cat-menu-furniture-4.jpg","data":{"errors":{"http_request_failed":["cURL error 28: Operation timed out after 5002 milliseconds with 0 bytes received"]},"error_data":[]}}
2024-02-12T14:11:49+00:00 INFO {"url":"cat-menu-fashion.png","data":{"errors":{"http_request_failed":["cURL error 28: Operation timed out after 5013 milliseconds with 0 bytes received"]},"error_data":[]}}
2024-02-12T14:11:54+00:00 INFO {"url":"cat-menu-fashion.png","data":{"errors":{"http_request_failed":["cURL error 28: Operation timed out after 5001 milliseconds with 0 bytes received"]},"error_data":[]}}
2024-02-12T14:11:59+00:00 INFO {"url":"cat-menu-fashion.png","data":{"errors":{"http_request_failed":["cURL error 28: Operation timed out after 5014 milliseconds with 0 bytes received"]},"error_data":[]}}
2024-02-12T14:12:04+00:00 INFO {"url":"about-us-3-team-member-1.jpg","data":{"errors":{"http_request_failed":["cURL error 28: Operation timed out after 5011 milliseconds with 0 bytes received"]},"error_data":[]}}
2024-02-12T14:12:09+00:00 INFO {"url":"about-us-3-team-member-1.jpg","data":{"errors":{"http_request_failed":["cURL error 28: Operation timed out after 5007 milliseconds with 0 bytes received"]},"error_data":[]}}
2024-02-12T14:12:14+00:00 INFO {"url":"about-us-3-team-member-1.jpg","data":{"errors":{"http_request_failed":["cURL error 28: Operation timed out after 5011 milliseconds with 0 bytes received"]},"error_data":[]}}
2024-02-12T14:12:19+00:00 INFO {"url":"about-us-3-team-member-2.jpg","data":{"errors":{"http_request_failed":["cURL error 28: Operation timed out after 5003 milliseconds with 0 bytes received"]},"error_data":[]}}
2024-02-12T14:12:24+00:00 INFO {"url":"about-us-3-team-member-2.jpg","data":{"errors":{"http_request_failed":["cURL error 28: Operation timed out after 5013 milliseconds with 0 bytes received"]},"error_data":[]}}
2024-02-12T14:12:29+00:00 INFO {"url":"about-us-3-team-member-2.jpg","data":{"errors":{"http_request_failed":["cURL error 28: Operation timed out after 5013 milliseconds with 0 bytes received"]},"error_data":[]}}
2024-02-12T14:12:34+00:00 INFO {"url":"about-us-3-team-member-3.jpg","data":{"errors":{"http_request_failed":["cURL error 28: Operation timed out after 5005 milliseconds with 0 bytes received"]},"error_data":[]}}
2024-02-12T14:12:39+00:00 INFO {"url":"about-us-3-team-member-3.jpg","data":{"errors":{"http_request_failed":["cURL error 28: Operation timed out after 5014 milliseconds with 0 bytes received"]},"error_data":[]}}
2024-02-12T14:12:44+00:00 INFO {"url":"about-us-3-team-member-3.jpg","data":{"errors":{"http_request_failed":["cURL error 28: Operation timed out after 5008 milliseconds with 0 bytes received"]},"error_data":[]}}
2024-02-12T14:12:49+00:00 INFO {"url":"about-us-3-team-member-4.jpg","data":{"errors":{"http_request_failed":["cURL error 28: Operation timed out after 5013 milliseconds with 0 bytes received"]},"error_data":[]}}
2024-02-12T14:12:54+00:00 INFO {"url":"about-us-3-team-member-4.jpg","data":{"errors":{"http_request_failed":["cURL error 28: Operation timed out after 5014 milliseconds with 0 bytes received"]},"error_data":[]}}
2024-02-12T14:12:59+00:00 INFO {"url":"about-us-3-team-member-4.jpg","data":{"errors":{"http_request_failed":["cURL error 28: Operation timed out after 5009 milliseconds with 0 bytes received"]},"error_data":[]}}
2024-02-12T14:13:04+00:00 INFO {"url":"about-us-3-bg.jpg","data":{"errors":{"http_request_failed":["cURL error 28: Operation timed out after 5004 milliseconds with 0 bytes received"]},"error_data":[]}}
2024-02-12T14:13:09+00:00 INFO {"url":"about-us-3-bg.jpg","data":{"errors":{"http_request_failed":["cURL error 28: Operation timed out after 5010 milliseconds with 0 bytes received"]},"error_data":[]}}
2024-02-12T14:13:15+00:00 INFO {"url":"about-us-3-bg.jpg","data":{"errors":{"http_request_failed":["cURL error 28: Operation timed out after 5005 milliseconds with 0 bytes received"]},"error_data":[]}}
2024-02-12T14:13:20+00:00 INFO {"url":"about-us-3-video-1.jpg","data":{"errors":{"http_request_failed":["cURL error 28: Operation timed out after 5000 milliseconds with 0 bytes received"]},"error_data":[]}}
2024-02-12T14:13:25+00:00 INFO {"url":"about-us-3-video-1.jpg","data":{"errors":{"http_request_failed":["cURL error 28: Operation timed out after 5013 milliseconds with 0 bytes received"]},"error_data":[]}}
2024-02-12T14:17:11+00:00 INFO {"url":"cat-menu-furniture-4.jpg","data":{"errors":{"http_request_failed":["cURL error 28: Operation timed out after 5005 milliseconds with 0 bytes received"]},"error_data":[]}}
2024-02-12T14:17:16+00:00 INFO {"url":"cat-menu-furniture-4.jpg","data":{"errors":{"http_request_failed":["cURL error 28: Operation timed out after 5004 milliseconds with 0 bytes received"]},"error_data":[]}}
2024-02-12T14:17:21+00:00 INFO {"url":"cat-menu-furniture-4.jpg","data":{"errors":{"http_request_failed":["cURL error 28: Operation timed out after 5000 milliseconds with 0 bytes received"]},"error_data":[]}}
2024-02-12T14:17:26+00:00 INFO {"url":"cat-menu-fashion.png","data":{"errors":{"http_request_failed":["cURL error 28: Operation timed out after 5008 milliseconds with 0 bytes received"]},"error_data":[]}}
2024-02-12T14:17:31+00:00 INFO {"url":"cat-menu-fashion.png","data":{"errors":{"http_request_failed":["cURL error 28: Operation timed out after 5005 milliseconds with 0 bytes received"]},"error_data":[]}}
2024-02-12T14:17:36+00:00 INFO {"url":"cat-menu-furniture-4.jpg","data":{"errors":{"http_request_failed":["cURL error 28: Operation timed out after 5009 milliseconds with 0 bytes received"]},"error_data":[]}}
2024-02-12T14:17:36+00:00 INFO {"url":"cat-menu-fashion.png","data":{"errors":{"http_request_failed":["cURL error 28: Operation timed out after 5007 milliseconds with 0 bytes received"]},"error_data":[]}}
2024-02-12T14:17:41+00:00 INFO {"url":"cat-menu-furniture-4.jpg","data":{"errors":{"http_request_failed":["cURL error 28: Operation timed out after 5007 milliseconds with 0 bytes received"]},"error_data":[]}}
2024-02-12T14:17:41+00:00 INFO {"url":"about-us-3-team-member-1.jpg","data":{"errors":{"http_request_failed":["cURL error 28: Operation timed out after 5010 milliseconds with 0 bytes received"]},"error_data":[]}}
2024-02-12T14:17:46+00:00 INFO {"url":"cat-menu-furniture-4.jpg","data":{"errors":{"http_request_failed":["cURL error 28: Operation timed out after 5008 milliseconds with 0 bytes received"]},"error_data":[]}}
2024-02-12T14:17:46+00:00 INFO {"url":"about-us-3-team-member-1.jpg","data":{"errors":{"http_request_failed":["cURL error 28: Operation timed out after 5008 milliseconds with 0 bytes received"]},"error_data":[]}}
2024-02-12T14:21:21+00:00 INFO {"url":"wooden-single-drawer-4.jpg","data":{"errors":{"http_request_failed":["cURL error 28: Operation timed out after 5001 milliseconds with 0 bytes received"]},"error_data":[]}}
2024-02-12T14:21:26+00:00 INFO {"url":"wooden-single-drawer-4.jpg","data":{"errors":{"http_request_failed":["cURL error 28: Operation timed out after 5014 milliseconds with 0 bytes received"]},"error_data":[]}}
2024-02-12T14:21:31+00:00 INFO {"url":"wooden-single-drawer-4.jpg","data":{"errors":{"http_request_failed":["cURL error 28: Operation timed out after 5012 milliseconds with 0 bytes received"]},"error_data":[]}}
2024-02-12T14:21:36+00:00 INFO {"url":"classic-wooden-chair-img-1.jpg","data":{"errors":{"http_request_failed":["cURL error 28: Operation timed out after 5004 milliseconds with 0 bytes received"]},"error_data":[]}}
2024-02-12T14:21:41+00:00 INFO {"url":"classic-wooden-chair-img-1.jpg","data":{"errors":{"http_request_failed":["cURL error 28: Operation timed out after 5010 milliseconds with 0 bytes received"]},"error_data":[]}}
2024-02-12T14:21:46+00:00 INFO {"url":"classic-wooden-chair-img-1.jpg","data":{"errors":{"http_request_failed":["cURL error 28: Operation timed out after 5019 milliseconds with 0 bytes received"]},"error_data":[]}}
2024-02-12T14:21:51+00:00 INFO {"url":"classic-wooden-chair-img-2.jpg","data":{"errors":{"http_request_failed":["cURL error 28: Operation timed out after 5001 milliseconds with 0 bytes received"]},"error_data":[]}}
2024-02-12T14:21:56+00:00 INFO {"url":"classic-wooden-chair-img-2.jpg","data":{"errors":{"http_request_failed":["cURL error 28: Operation timed out after 5006 milliseconds with 0 bytes received"]},"error_data":[]}}
2024-02-12T14:22:01+00:00 INFO {"url":"classic-wooden-chair-img-2.jpg","data":{"errors":{"http_request_failed":["cURL error 28: Operation timed out after 5011 milliseconds with 0 bytes received"]},"error_data":[]}}
2024-02-12T14:22:06+00:00 INFO {"url":"classic-wooden-chair-img-3.jpg","data":{"errors":{"http_request_failed":["cURL error 28: Operation timed out after 5000 milliseconds with 0 bytes received"]},"error_data":[]}}
2024-02-12T14:22:15+00:00 INFO {"url":"classic-wooden-chair-img-4.jpg","data":{"errors":{"http_request_failed":["cURL error 28: Operation timed out after 5011 milliseconds with 0 bytes received"]},"error_data":[]}}
2024-02-12T14:22:25+00:00 INFO {"url":"classic-wooden-chair-img-5.jpg","data":{"errors":{"http_request_failed":["cURL error 28: Operation timed out after 5005 milliseconds with 0 bytes received"]},"error_data":[]}}
2024-02-12T14:22:43+00:00 INFO {"url":"classic-wooden-chair-img-8.jpg","data":{"errors":{"http_request_failed":["cURL error 28: Operation timed out after 5006 milliseconds with 13455 out of 34284 bytes received"]},"error_data":[]}}
2024-02-12T14:22:48+00:00 INFO {"url":"classic-wooden-chair-img-8.jpg","data":{"errors":{"http_request_failed":["cURL error 28: Operation timed out after 5015 milliseconds with 0 bytes received"]},"error_data":[]}}
2024-02-12T14:22:53+00:00 INFO {"url":"classic-wooden-chair-img-8.jpg","data":{"errors":{"http_request_failed":["cURL error 28: Operation timed out after 5011 milliseconds with 0 bytes received"]},"error_data":[]}}
2024-02-12T14:22:58+00:00 INFO {"url":"classic-wooden-chair-img-9.jpg","data":{"errors":{"http_request_failed":["cURL error 28: Operation timed out after 5009 milliseconds with 0 bytes received"]},"error_data":[]}}
2024-02-12T14:23:03+00:00 INFO {"url":"classic-wooden-chair-img-9.jpg","data":{"errors":{"http_request_failed":["cURL error 28: Operation timed out after 5013 milliseconds with 0 bytes received"]},"error_data":[]}}
2024-02-12T14:23:08+00:00 INFO {"url":"classic-wooden-chair-img-9.jpg","data":{"errors":{"http_request_failed":["cURL error 28: Operation timed out after 5010 milliseconds with 0 bytes received"]},"error_data":[]}}
2024-02-12T14:23:14+00:00 INFO {"url":"classic-wooden-chair-img-10.jpg","data":{"errors":{"http_request_failed":["cURL error 28: Operation timed out after 5009 milliseconds with 0 bytes received"]},"error_data":[]}}
2024-02-12T14:23:19+00:00 INFO {"url":"classic-wooden-chair-img-10.jpg","data":{"errors":{"http_request_failed":["cURL error 28: Operation timed out after 5011 milliseconds with 0 bytes received"]},"error_data":[]}}
2024-02-12T14:23:24+00:00 INFO {"url":"classic-wooden-chair-img-10.jpg","data":{"errors":{"http_request_failed":["cURL error 28: Operation timed out after 5008 milliseconds with 0 bytes received"]},"error_data":[]}}
2024-02-12T14:23:29+00:00 INFO {"url":"classic-wooden-chair-img-11.jpg","data":{"errors":{"http_request_failed":["cURL error 28: Operation timed out after 5005 milliseconds with 0 bytes received"]},"error_data":[]}}
2024-02-12T14:23:34+00:00 INFO {"url":"classic-wooden-chair-img-11.jpg","data":{"errors":{"http_request_failed":["cURL error 28: Operation timed out after 5003 milliseconds with 0 bytes received"]},"error_data":[]}}
2024-02-12T14:23:39+00:00 INFO {"url":"classic-wooden-chair-img-11.jpg","data":{"errors":{"http_request_failed":["cURL error 28: Operation timed out after 5008 milliseconds with 0 bytes received"]},"error_data":[]}}
2024-02-12T14:23:44+00:00 INFO {"url":"classic-wooden-chair-img-12.jpg","data":{"errors":{"http_request_failed":["cURL error 28: Operation timed out after 5004 milliseconds with 0 bytes received"]},"error_data":[]}}
2024-02-12T14:23:49+00:00 INFO {"url":"classic-wooden-chair-img-12.jpg","data":{"errors":{"http_request_failed":["cURL error 28: Operation timed out after 5013 milliseconds with 0 bytes received"]},"error_data":[]}}
2024-02-12T14:23:54+00:00 INFO {"url":"classic-wooden-chair-img-12.jpg","data":{"errors":{"http_request_failed":["cURL error 28: Operation timed out after 5014 milliseconds with 0 bytes received"]},"error_data":[]}}
2024-02-12T14:23:59+00:00 INFO {"url":"classic-wooden-chair-img-13.jpg","data":{"errors":{"http_request_failed":["cURL error 28: Operation timed out after 5004 milliseconds with 0 bytes received"]},"error_data":[]}}
2024-02-12T14:24:17+00:00 INFO {"url":"lounge-chair-05.jpg","data":{"errors":{"http_request_failed":["cURL error 28: Operation timed out after 5001 milliseconds with 0 bytes received"]},"error_data":[]}}
2024-02-12T14:24:26+00:00 INFO {"url":"lounge-chair-07.jpg","data":{"errors":{"http_request_failed":["cURL error 28: Operation timed out after 5003 milliseconds with 0 bytes received"]},"error_data":[]}}
2024-02-12T14:24:36+00:00 INFO {"url":"lounge-chair-09.jpg","data":{"errors":{"http_request_failed":["cURL error 28: Operation timed out after 5011 milliseconds with 0 bytes received"]},"error_data":[]}}
2024-02-12T14:24:41+00:00 INFO {"url":"lounge-chair-09.jpg","data":{"errors":{"http_request_failed":["cURL error 28: Operation timed out after 5009 milliseconds with 0 bytes received"]},"error_data":[]}}
2024-02-12T14:24:46+00:00 INFO {"url":"lounge-chair-09.jpg","data":{"errors":{"http_request_failed":["cURL error 28: Operation timed out after 5012 milliseconds with 0 bytes received"]},"error_data":[]}}
2024-02-12T14:24:51+00:00 INFO {"url":"lounge-chair-11.jpg","data":{"errors":{"http_request_failed":["cURL error 28: Operation timed out after 5011 milliseconds with 0 bytes received"]},"error_data":[]}}
2024-02-12T14:24:56+00:00 INFO {"url":"lounge-chair-11.jpg","data":{"errors":{"http_request_failed":["cURL error 28: Operation timed out after 5008 milliseconds with 0 bytes received"]},"error_data":[]}}
2024-02-12T14:25:01+00:00 INFO {"url":"lounge-chair-11.jpg","data":{"errors":{"http_request_failed":["cURL error 28: Operation timed out after 5011 milliseconds with 0 bytes received"]},"error_data":[]}}
2024-02-12T14:25:06+00:00 INFO {"url":"lounge-chair-13.jpg","data":{"errors":{"http_request_failed":["cURL error 28: Operation timed out after 5008 milliseconds with 0 bytes received"]},"error_data":[]}}
2024-02-12T14:25:11+00:00 INFO {"url":"lounge-chair-13.jpg","data":{"errors":{"http_request_failed":["cURL error 28: Operation timed out after 5014 milliseconds with 0 bytes received"]},"error_data":[]}}
2024-02-12T14:25:16+00:00 INFO {"url":"lounge-chair-13.jpg","data":{"errors":{"http_request_failed":["cURL error 28: Operation timed out after 5000 milliseconds with 0 bytes received"]},"error_data":[]}}
2024-02-12T14:25:21+00:00 INFO {"url":"lounge-chair-15.jpg","data":{"errors":{"http_request_failed":["cURL error 28: Operation timed out after 5005 milliseconds with 0 bytes received"]},"error_data":[]}}
2024-02-12T14:25:26+00:00 INFO {"url":"lounge-chair-15.jpg","data":{"errors":{"http_request_failed":["cURL error 28: Operation timed out after 5000 milliseconds with 0 bytes received"]},"error_data":[]}}
2024-02-12T14:25:31+00:00 INFO {"url":"lounge-chair-15.jpg","data":{"errors":{"http_request_failed":["cURL error 28: Operation timed out after 5012 milliseconds with 0 bytes received"]},"error_data":[]}}
2024-02-12T14:25:36+00:00 INFO {"url":"lounge-chair-17.jpg","data":{"errors":{"http_request_failed":["cURL error 28: Operation timed out after 5003 milliseconds with 0 bytes received"]},"error_data":[]}}
2024-02-12T14:25:41+00:00 INFO {"url":"lounge-chair-17.jpg","data":{"errors":{"http_request_failed":["cURL error 28: Operation timed out after 5014 milliseconds with 0 bytes received"]},"error_data":[]}}
2024-02-12T14:25:46+00:00 INFO {"url":"lounge-chair-17.jpg","data":{"errors":{"http_request_failed":["cURL error 28: Operation timed out after 5013 milliseconds with 0 bytes received"]},"error_data":[]}}
2024-02-12T14:25:51+00:00 INFO {"url":"lounge-chair-gallery-1.jpg","data":{"errors":{"http_request_failed":["cURL error 28: Operation timed out after 5006 milliseconds with 0 bytes received"]},"error_data":[]}}
2024-02-12T14:25:56+00:00 INFO {"url":"lounge-chair-gallery-1.jpg","data":{"errors":{"http_request_failed":["cURL error 28: Operation timed out after 5014 milliseconds with 0 bytes received"]},"error_data":[]}}
2024-02-12T14:26:01+00:00 INFO {"url":"lounge-chair-gallery-1.jpg","data":{"errors":{"http_request_failed":["cURL error 28: Operation timed out after 5009 milliseconds with 0 bytes received"]},"error_data":[]}}
2024-02-12T14:26:07+00:00 INFO {"url":"lounge-chair-gallery-2.jpg","data":{"errors":{"http_request_failed":["cURL error 28: Operation timed out after 5003 milliseconds with 0 bytes received"]},"error_data":[]}}
2024-02-12T14:26:12+00:00 INFO {"url":"lounge-chair-gallery-2.jpg","data":{"errors":{"http_request_failed":["cURL error 28: Operation timed out after 5009 milliseconds with 0 bytes received"]},"error_data":[]}}
2024-02-12T14:26:17+00:00 INFO {"url":"lounge-chair-gallery-2.jpg","data":{"errors":{"http_request_failed":["cURL error 28: Operation timed out after 5009 milliseconds with 0 bytes received"]},"error_data":[]}}
2024-02-12T14:26:22+00:00 INFO {"url":"lounge-chair-gallery-3.jpg","data":{"errors":{"http_request_failed":["cURL error 28: Operation timed out after 5007 milliseconds with 0 bytes received"]},"error_data":[]}}
2024-02-12T14:26:27+00:00 INFO {"url":"lounge-chair-gallery-3.jpg","data":{"errors":{"http_request_failed":["cURL error 28: Operation timed out after 5010 milliseconds with 0 bytes received"]},"error_data":[]}}
2024-02-12T14:26:32+00:00 INFO {"url":"lounge-chair-gallery-3.jpg","data":{"errors":{"http_request_failed":["cURL error 28: Operation timed out after 5008 milliseconds with 0 bytes received"]},"error_data":[]}}
2024-02-12T14:26:37+00:00 INFO {"url":"lounge-chair-gallery-4.jpg","data":{"errors":{"http_request_failed":["cURL error 28: Operation timed out after 5005 milliseconds with 0 bytes received"]},"error_data":[]}}
2024-02-12T14:26:42+00:00 INFO {"url":"lounge-chair-gallery-4.jpg","data":{"errors":{"http_request_failed":["cURL error 28: Operation timed out after 5010 milliseconds with 0 bytes received"]},"error_data":[]}}
2024-02-12T14:26:47+00:00 INFO {"url":"lounge-chair-gallery-4.jpg","data":{"errors":{"http_request_failed":["cURL error 28: Operation timed out after 5005 milliseconds with 0 bytes received"]},"error_data":[]}}
2024-02-12T14:26:52+00:00 INFO {"url":"lounge-chair-materials-1.jpg","data":{"errors":{"http_request_failed":["cURL error 28: Operation timed out after 5015 milliseconds with 0 bytes received"]},"error_data":[]}}
2024-02-12T14:26:57+00:00 INFO {"url":"lounge-chair-materials-1.jpg","data":{"errors":{"http_request_failed":["cURL error 28: Operation timed out after 5005 milliseconds with 0 bytes received"]},"error_data":[]}}
2024-02-12T14:27:02+00:00 INFO {"url":"lounge-chair-materials-1.jpg","data":{"errors":{"http_request_failed":["cURL error 28: Operation timed out after 5003 milliseconds with 0 bytes received"]},"error_data":[]}}
2024-02-12T14:27:07+00:00 INFO {"url":"lounge-chair-materials-2.jpg","data":{"errors":{"http_request_failed":["cURL error 28: Operation timed out after 5013 milliseconds with 0 bytes received"]},"error_data":[]}}
2024-02-12T14:27:12+00:00 INFO {"url":"lounge-chair-materials-2.jpg","data":{"errors":{"http_request_failed":["cURL error 28: Operation timed out after 5009 milliseconds with 0 bytes received"]},"error_data":[]}}
2024-02-12T14:27:17+00:00 INFO {"url":"lounge-chair-materials-2.jpg","data":{"errors":{"http_request_failed":["cURL error 28: Operation timed out after 5012 milliseconds with 0 bytes received"]},"error_data":[]}}
2024-02-12T14:27:22+00:00 INFO {"url":"lounge-chair-materials-3.jpg","data":{"errors":{"http_request_failed":["cURL error 28: Operation timed out after 5011 milliseconds with 0 bytes received"]},"error_data":[]}}
2024-02-12T14:27:27+00:00 INFO {"url":"lounge-chair-materials-3.jpg","data":{"errors":{"http_request_failed":["cURL error 28: Operation timed out after 5013 milliseconds with 0 bytes received"]},"error_data":[]}}
2024-02-12T14:27:32+00:00 INFO {"url":"lounge-chair-materials-3.jpg","data":{"errors":{"http_request_failed":["cURL error 28: Operation timed out after 5011 milliseconds with 0 bytes received"]},"error_data":[]}}
2024-02-12T14:27:37+00:00 INFO {"url":"lounge-chair-materials-4.jpg","data":{"errors":{"http_request_failed":["cURL error 28: Operation timed out after 5005 milliseconds with 0 bytes received"]},"error_data":[]}}
2024-02-12T14:27:42+00:00 INFO {"url":"lounge-chair-materials-4.jpg","data":{"errors":{"http_request_failed":["cURL error 28: Operation timed out after 5014 milliseconds with 0 bytes received"]},"error_data":[]}}
2024-02-12T14:27:47+00:00 INFO {"url":"lounge-chair-materials-4.jpg","data":{"errors":{"http_request_failed":["cURL error 28: Operation timed out after 5023 milliseconds with 0 bytes received"]},"error_data":[]}}
2024-02-12T14:27:52+00:00 INFO {"url":"lounge-chair-textiles-2.jpg","data":{"errors":{"http_request_failed":["cURL error 28: Operation timed out after 5012 milliseconds with 0 bytes received"]},"error_data":[]}}
2024-02-12T14:27:57+00:00 INFO {"url":"lounge-chair-textiles-2.jpg","data":{"errors":{"http_request_failed":["cURL error 28: Operation timed out after 5006 milliseconds with 0 bytes received"]},"error_data":[]}}
2024-02-12T14:28:02+00:00 INFO {"url":"lounge-chair-textiles-2.jpg","data":{"errors":{"http_request_failed":["cURL error 28: Operation timed out after 5010 milliseconds with 0 bytes received"]},"error_data":[]}}
2024-02-12T14:28:07+00:00 INFO {"url":"lounge-chair-textiles-3.jpg","data":{"errors":{"http_request_failed":["cURL error 28: Operation timed out after 5009 milliseconds with 0 bytes received"]},"error_data":[]}}
2024-02-12T14:28:12+00:00 INFO {"url":"lounge-chair-textiles-3.jpg","data":{"errors":{"http_request_failed":["cURL error 28: Operation timed out after 5008 milliseconds with 0 bytes received"]},"error_data":[]}}
2024-02-12T14:28:17+00:00 INFO {"url":"lounge-chair-textiles-3.jpg","data":{"errors":{"http_request_failed":["cURL error 28: Operation timed out after 5011 milliseconds with 0 bytes received"]},"error_data":[]}}
2024-02-12T14:28:22+00:00 INFO {"url":"classic-wooden-chair-1.jpg","data":{"errors":{"http_request_failed":["cURL error 28: Operation timed out after 5013 milliseconds with 0 bytes received"]},"error_data":[]}}
2024-02-12T14:28:27+00:00 INFO {"url":"classic-wooden-chair-1.jpg","data":{"errors":{"http_request_failed":["cURL error 28: Operation timed out after 5014 milliseconds with 0 bytes received"]},"error_data":[]}}
2024-02-12T14:28:32+00:00 INFO {"url":"classic-wooden-chair-1.jpg","data":{"errors":{"http_request_failed":["cURL error 28: Operation timed out after 5005 milliseconds with 0 bytes received"]},"error_data":[]}}
2024-02-12T14:28:37+00:00 INFO {"url":"lounge-chair-textiles-1.jpg","data":{"errors":{"http_request_failed":["cURL error 28: Operation timed out after 5012 milliseconds with 0 bytes received"]},"error_data":[]}}
2024-02-12T14:28:42+00:00 INFO {"url":"lounge-chair-textiles-1.jpg","data":{"errors":{"http_request_failed":["cURL error 28: Operation timed out after 5006 milliseconds with 0 bytes received"]},"error_data":[]}}
2024-02-12T14:28:47+00:00 INFO {"url":"lounge-chair-textiles-1.jpg","data":{"errors":{"http_request_failed":["cURL error 28: Operation timed out after 5006 milliseconds with 0 bytes received"]},"error_data":[]}}
2024-02-12T14:28:52+00:00 INFO {"url":"lounge-chair-textiles-4.jpg","data":{"errors":{"http_request_failed":["cURL error 28: Operation timed out after 5003 milliseconds with 0 bytes received"]},"error_data":[]}}
2024-02-12T14:28:57+00:00 INFO {"url":"lounge-chair-textiles-4.jpg","data":{"errors":{"http_request_failed":["cURL error 28: Operation timed out after 5010 milliseconds with 0 bytes received"]},"error_data":[]}}
2024-02-12T14:29:02+00:00 INFO {"url":"lounge-chair-textiles-4.jpg","data":{"errors":{"http_request_failed":["cURL error 28: Operation timed out after 5011 milliseconds with 0 bytes received"]},"error_data":[]}}
2024-02-12T14:29:08+00:00 INFO {"url":"lounge-chair-carousel-1.jpg","data":{"errors":{"http_request_failed":["cURL error 28: Operation timed out after 5012 milliseconds with 0 bytes received"]},"error_data":[]}}
2024-02-12T14:29:13+00:00 INFO {"url":"lounge-chair-carousel-1.jpg","data":{"errors":{"http_request_failed":["cURL error 28: Operation timed out after 5010 milliseconds with 0 bytes received"]},"error_data":[]}}
2024-02-12T14:29:18+00:00 INFO {"url":"lounge-chair-carousel-1.jpg","data":{"errors":{"http_request_failed":["cURL error 28: Operation timed out after 5000 milliseconds with 0 bytes received"]},"error_data":[]}}
2024-02-12T14:29:23+00:00 INFO {"url":"lounge-chair-carousel-2.jpg","data":{"errors":{"http_request_failed":["cURL error 28: Operation timed out after 5010 milliseconds with 0 bytes received"]},"error_data":[]}}
2024-02-12T14:29:28+00:00 INFO {"url":"lounge-chair-carousel-2.jpg","data":{"errors":{"http_request_failed":["cURL error 28: Operation timed out after 5015 milliseconds with 0 bytes received"]},"error_data":[]}}
2024-02-12T14:29:33+00:00 INFO {"url":"lounge-chair-carousel-2.jpg","data":{"errors":{"http_request_failed":["cURL error 28: Operation timed out after 5005 milliseconds with 0 bytes received"]},"error_data":[]}}
2024-02-12T14:29:38+00:00 INFO {"url":"lounge-chair-carousel-3.jpg","data":{"errors":{"http_request_failed":["cURL error 28: Operation timed out after 5022 milliseconds with 0 bytes received"]},"error_data":[]}}
2024-02-12T14:29:43+00:00 INFO {"url":"lounge-chair-carousel-3.jpg","data":{"errors":{"http_request_failed":["cURL error 28: Operation timed out after 5015 milliseconds with 0 bytes received"]},"error_data":[]}}
2024-02-12T14:29:48+00:00 INFO {"url":"lounge-chair-carousel-3.jpg","data":{"errors":{"http_request_failed":["cURL error 28: Operation timed out after 5011 milliseconds with 0 bytes received"]},"error_data":[]}}
2024-02-12T14:29:53+00:00 INFO {"url":"lounge-chair-carousel-4.jpg","data":{"errors":{"http_request_failed":["cURL error 28: Operation timed out after 5007 milliseconds with 0 bytes received"]},"error_data":[]}}
2024-02-12T14:29:58+00:00 INFO {"url":"lounge-chair-carousel-4.jpg","data":{"errors":{"http_request_failed":["cURL error 28: Operation timed out after 5011 milliseconds with 0 bytes received"]},"error_data":[]}}
2024-02-12T14:30:03+00:00 INFO {"url":"lounge-chair-carousel-4.jpg","data":{"errors":{"http_request_failed":["cURL error 28: Operation timed out after 5015 milliseconds with 0 bytes received"]},"error_data":[]}}
2024-02-12T14:30:08+00:00 INFO {"url":"eames-lounge-chair-1.jpg","data":{"errors":{"http_request_failed":["cURL error 28: Operation timed out after 5001 milliseconds with 0 bytes received"]},"error_data":[]}}
2024-02-12T14:30:13+00:00 INFO {"url":"eames-lounge-chair-1.jpg","data":{"errors":{"http_request_failed":["cURL error 28: Operation timed out after 5001 milliseconds with 0 bytes received"]},"error_data":[]}}
2024-02-12T14:30:18+00:00 INFO {"url":"eames-lounge-chair-1.jpg","data":{"errors":{"http_request_failed":["cURL error 28: Operation timed out after 5012 milliseconds with 0 bytes received"]},"error_data":[]}}
2024-02-12T14:30:23+00:00 INFO {"url":"eames-lounge-chair-2.jpg","data":{"errors":{"http_request_failed":["cURL error 28: Operation timed out after 5011 milliseconds with 0 bytes received"]},"error_data":[]}}
2024-02-12T14:30:28+00:00 INFO {"url":"eames-lounge-chair-2.jpg","data":{"errors":{"http_request_failed":["cURL error 28: Operation timed out after 5010 milliseconds with 0 bytes received"]},"error_data":[]}}
2024-02-12T14:30:33+00:00 INFO {"url":"eames-lounge-chair-2.jpg","data":{"errors":{"http_request_failed":["cURL error 28: Operation timed out after 5016 milliseconds with 0 bytes received"]},"error_data":[]}}
2024-02-12T14:30:38+00:00 INFO {"url":"eames-lounge-chair-3.jpg","data":{"errors":{"http_request_failed":["cURL error 28: Operation timed out after 5001 milliseconds with 0 bytes received"]},"error_data":[]}}
2024-02-12T14:30:43+00:00 INFO {"url":"eames-lounge-chair-3.jpg","data":{"errors":{"http_request_failed":["cURL error 28: Operation timed out after 5024 milliseconds with 0 bytes received"]},"error_data":[]}}
2024-02-12T14:30:48+00:00 INFO {"url":"eames-lounge-chair-3.jpg","data":{"errors":{"http_request_failed":["cURL error 28: Operation timed out after 5006 milliseconds with 0 bytes received"]},"error_data":[]}}
2024-02-12T14:30:53+00:00 INFO {"url":"post-example-2-image-1.jpg","data":{"errors":{"http_request_failed":["cURL error 28: Operation timed out after 5001 milliseconds with 0 bytes received"]},"error_data":[]}}
2024-02-12T14:30:58+00:00 INFO {"url":"post-example-2-image-1.jpg","data":{"errors":{"http_request_failed":["cURL error 28: Operation timed out after 5014 milliseconds with 0 bytes received"]},"error_data":[]}}
2024-02-12T14:31:03+00:00 INFO {"url":"post-example-2-image-1.jpg","data":{"errors":{"http_request_failed":["cURL error 28: Operation timed out after 5008 milliseconds with 0 bytes received"]},"error_data":[]}}
2024-02-12T14:31:08+00:00 INFO {"url":"post-example-2-image-2.jpg","data":{"errors":{"http_request_failed":["cURL error 28: Operation timed out after 5009 milliseconds with 0 bytes received"]},"error_data":[]}}
2024-02-12T14:31:13+00:00 INFO {"url":"post-example-2-image-2.jpg","data":{"errors":{"http_request_failed":["cURL error 28: Operation timed out after 5011 milliseconds with 0 bytes received"]},"error_data":[]}}
2024-02-12T14:31:18+00:00 INFO {"url":"post-example-2-image-2.jpg","data":{"errors":{"http_request_failed":["cURL error 28: Operation timed out after 5014 milliseconds with 0 bytes received"]},"error_data":[]}}
2024-02-12T14:31:23+00:00 INFO {"url":"post-example-2-image-3.jpg","data":{"errors":{"http_request_failed":["cURL error 28: Operation timed out after 5002 milliseconds with 0 bytes received"]},"error_data":[]}}
2024-02-12T14:31:28+00:00 INFO {"url":"post-example-2-image-3.jpg","data":{"errors":{"http_request_failed":["cURL error 28: Operation timed out after 5007 milliseconds with 0 bytes received"]},"error_data":[]}}
2024-02-12T14:31:33+00:00 INFO {"url":"post-example-2-image-3.jpg","data":{"errors":{"http_request_failed":["cURL error 28: Operation timed out after 5005 milliseconds with 0 bytes received"]},"error_data":[]}}
2024-02-12T14:31:38+00:00 INFO {"url":"post-example-2-image-4.jpg","data":{"errors":{"http_request_failed":["cURL error 28: Operation timed out after 5011 milliseconds with 0 bytes received"]},"error_data":[]}}
2024-02-12T14:31:43+00:00 INFO {"url":"post-example-2-image-4.jpg","data":{"errors":{"http_request_failed":["cURL error 28: Operation timed out after 5007 milliseconds with 0 bytes received"]},"error_data":[]}}
2024-02-12T14:31:48+00:00 INFO {"url":"post-example-2-image-4.jpg","data":{"errors":{"http_request_failed":["cURL error 28: Operation timed out after 5000 milliseconds with 0 bytes received"]},"error_data":[]}}
2024-02-12T14:31:53+00:00 INFO {"url":"post-example-2-image-5.jpg","data":{"errors":{"http_request_failed":["cURL error 28: Operation timed out after 5011 milliseconds with 0 bytes received"]},"error_data":[]}}
2024-02-12T14:31:58+00:00 INFO {"url":"post-example-2-image-5.jpg","data":{"errors":{"http_request_failed":["cURL error 28: Operation timed out after 5027 milliseconds with 0 bytes received"]},"error_data":[]}}
2024-02-12T14:32:03+00:00 INFO {"url":"post-example-2-image-5.jpg","data":{"errors":{"http_request_failed":["cURL error 28: Operation timed out after 5000 milliseconds with 0 bytes received"]},"error_data":[]}}
2024-02-12T14:32:08+00:00 INFO {"url":"post-example-2-image-6.jpg","data":{"errors":{"http_request_failed":["cURL error 28: Operation timed out after 5002 milliseconds with 0 bytes received"]},"error_data":[]}}
2024-02-12T14:32:13+00:00 INFO {"url":"post-example-2-image-6.jpg","data":{"errors":{"http_request_failed":["cURL error 28: Operation timed out after 5008 milliseconds with 0 bytes received"]},"error_data":[]}}
2024-02-12T14:32:18+00:00 INFO {"url":"post-example-2-image-6.jpg","data":{"errors":{"http_request_failed":["cURL error 28: Operation timed out after 5006 milliseconds with 0 bytes received"]},"error_data":[]}}
2024-02-12T14:32:23+00:00 INFO {"url":"post-example-2-image-7.jpg","data":{"errors":{"http_request_failed":["cURL error 28: Operation timed out after 5010 milliseconds with 0 bytes received"]},"error_data":[]}}
2024-02-12T14:32:28+00:00 INFO {"url":"post-example-2-image-7.jpg","data":{"errors":{"http_request_failed":["cURL error 28: Operation timed out after 5019 milliseconds with 0 bytes received"]},"error_data":[]}}
2024-02-12T14:32:33+00:00 INFO {"url":"post-example-2-image-7.jpg","data":{"errors":{"http_request_failed":["cURL error 28: Operation timed out after 5009 milliseconds with 0 bytes received"]},"error_data":[]}}
2024-02-12T14:32:38+00:00 INFO {"url":"post-example-2-image-8.jpg","data":{"errors":{"http_request_failed":["cURL error 28: Operation timed out after 5007 milliseconds with 0 bytes received"]},"error_data":[]}}
2024-02-12T14:32:43+00:00 INFO {"url":"post-example-2-image-8.jpg","data":{"errors":{"http_request_failed":["cURL error 28: Operation timed out after 5014 milliseconds with 0 bytes received"]},"error_data":[]}}
2024-02-12T14:32:49+00:00 INFO {"url":"post-example-2-image-8.jpg","data":{"errors":{"http_request_failed":["cURL error 28: Operation timed out after 5011 milliseconds with 0 bytes received"]},"error_data":[]}}
2024-02-12T14:32:54+00:00 INFO {"url":"post-example-2-image-9.jpg","data":{"errors":{"http_request_failed":["cURL error 28: Operation timed out after 5006 milliseconds with 0 bytes received"]},"error_data":[]}}
2024-02-12T14:32:59+00:00 INFO {"url":"post-example-2-image-9.jpg","data":{"errors":{"http_request_failed":["cURL error 28: Operation timed out after 5000 milliseconds with 0 bytes received"]},"error_data":[]}}
2024-02-12T14:33:04+00:00 INFO {"url":"post-example-2-image-9.jpg","data":{"errors":{"http_request_failed":["cURL error 28: Operation timed out after 5012 milliseconds with 0 bytes received"]},"error_data":[]}}
2024-02-12T14:33:09+00:00 INFO {"url":"post-example-2-image-10.jpg","data":{"errors":{"http_request_failed":["cURL error 28: Operation timed out after 5003 milliseconds with 0 bytes received"]},"error_data":[]}}
2024-02-12T14:33:14+00:00 INFO {"url":"post-example-2-image-10.jpg","data":{"errors":{"http_request_failed":["cURL error 28: Operation timed out after 5008 milliseconds with 0 bytes received"]},"error_data":[]}}
2024-02-12T14:33:19+00:00 INFO {"url":"post-example-2-image-10.jpg","data":{"errors":{"http_request_failed":["cURL error 28: Operation timed out after 5002 milliseconds with 0 bytes received"]},"error_data":[]}}
2024-02-12T14:33:24+00:00 INFO {"url":"post-3-gallery-1-min.jpg","data":{"errors":{"http_request_failed":["cURL error 28: Operation timed out after 5009 milliseconds with 0 bytes received"]},"error_data":[]}}
2024-02-12T14:33:29+00:00 INFO {"url":"post-3-gallery-1-min.jpg","data":{"errors":{"http_request_failed":["cURL error 28: Operation timed out after 5014 milliseconds with 0 bytes received"]},"error_data":[]}}
2024-02-12T14:33:34+00:00 INFO {"url":"post-3-gallery-1-min.jpg","data":{"errors":{"http_request_failed":["cURL error 28: Operation timed out after 5000 milliseconds with 0 bytes received"]},"error_data":[]}}
2024-02-12T14:33:39+00:00 INFO {"url":"lounge-chair-gallery-1.jpg","data":{"errors":{"http_request_failed":["cURL error 28: Operation timed out after 5016 milliseconds with 0 bytes received"]},"error_data":[]}}
2024-02-12T14:33:44+00:00 INFO {"url":"lounge-chair-gallery-1.jpg","data":{"errors":{"http_request_failed":["cURL error 28: Operation timed out after 5003 milliseconds with 0 bytes received"]},"error_data":[]}}
2024-02-12T14:33:49+00:00 INFO {"url":"lounge-chair-gallery-1.jpg","data":{"errors":{"http_request_failed":["cURL error 28: Operation timed out after 5004 milliseconds with 0 bytes received"]},"error_data":[]}}
2024-02-12T14:33:54+00:00 INFO {"url":"decoration-wooden-2-opt.jpg","data":{"errors":{"http_request_failed":["cURL error 28: Operation timed out after 5005 milliseconds with 0 bytes received"]},"error_data":[]}}
2024-02-12T14:33:59+00:00 INFO {"url":"decoration-wooden-2-opt.jpg","data":{"errors":{"http_request_failed":["cURL error 28: Operation timed out after 5006 milliseconds with 0 bytes received"]},"error_data":[]}}
2024-02-12T14:34:04+00:00 INFO {"url":"decoration-wooden-2-opt.jpg","data":{"errors":{"http_request_failed":["cURL error 28: Operation timed out after 5011 milliseconds with 0 bytes received"]},"error_data":[]}}
2024-02-12T14:34:09+00:00 INFO {"url":"decoration-wooden-3-opt.jpg","data":{"errors":{"http_request_failed":["cURL error 28: Operation timed out after 5006 milliseconds with 0 bytes received"]},"error_data":[]}}
2024-02-12T14:34:14+00:00 INFO {"url":"decoration-wooden-3-opt.jpg","data":{"errors":{"http_request_failed":["cURL error 28: Operation timed out after 5001 milliseconds with 0 bytes received"]},"error_data":[]}}
2024-02-12T14:34:19+00:00 INFO {"url":"decoration-wooden-3-opt.jpg","data":{"errors":{"http_request_failed":["cURL error 28: Operation timed out after 5005 milliseconds with 0 bytes received"]},"error_data":[]}}
2024-02-12T14:34:24+00:00 INFO {"url":"post-example-2-image-11.jpg","data":{"errors":{"http_request_failed":["cURL error 28: Operation timed out after 5000 milliseconds with 0 bytes received"]},"error_data":[]}}
2024-02-12T14:34:29+00:00 INFO {"url":"post-example-2-image-11.jpg","data":{"errors":{"http_request_failed":["cURL error 28: Operation timed out after 5004 milliseconds with 0 bytes received"]},"error_data":[]}}
2024-02-12T14:34:34+00:00 INFO {"url":"post-example-2-image-11.jpg","data":{"errors":{"http_request_failed":["cURL error 28: Operation timed out after 5011 milliseconds with 0 bytes received"]},"error_data":[]}}
2024-02-12T14:34:39+00:00 INFO {"url":"post-example-2-image-12.jpg","data":{"errors":{"http_request_failed":["cURL error 28: Operation timed out after 5001 milliseconds with 0 bytes received"]},"error_data":[]}}
2024-02-12T14:34:44+00:00 INFO {"url":"post-example-2-image-12.jpg","data":{"errors":{"http_request_failed":["cURL error 28: Operation timed out after 5001 milliseconds with 0 bytes received"]},"error_data":[]}}
2024-02-12T14:34:49+00:00 INFO {"url":"post-example-2-image-12.jpg","data":{"errors":{"http_request_failed":["cURL error 28: Operation timed out after 5014 milliseconds with 0 bytes received"]},"error_data":[]}}
2024-02-12T14:34:54+00:00 INFO {"url":"post-example-2-image-13.jpg","data":{"errors":{"http_request_failed":["cURL error 28: Operation timed out after 5002 milliseconds with 0 bytes received"]},"error_data":[]}}
2024-02-12T14:34:59+00:00 INFO {"url":"post-example-2-image-13.jpg","data":{"errors":{"http_request_failed":["cURL error 28: Operation timed out after 5009 milliseconds with 0 bytes received"]},"error_data":[]}}
2024-02-12T14:35:04+00:00 INFO {"url":"post-example-2-image-13.jpg","data":{"errors":{"http_request_failed":["cURL error 28: Operation timed out after 5007 milliseconds with 0 bytes received"]},"error_data":[]}}
2024-02-12T14:35:09+00:00 INFO {"url":"post-example-2-image-14.jpg","data":{"errors":{"http_request_failed":["cURL error 28: Operation timed out after 5013 milliseconds with 0 bytes received"]},"error_data":[]}}
2024-02-12T14:35:14+00:00 INFO {"url":"post-example-2-image-14.jpg","data":{"errors":{"http_request_failed":["cURL error 28: Operation timed out after 5004 milliseconds with 0 bytes received"]},"error_data":[]}}
2024-02-12T14:35:19+00:00 INFO {"url":"post-example-2-image-14.jpg","data":{"errors":{"http_request_failed":["cURL error 28: Operation timed out after 5009 milliseconds with 0 bytes received"]},"error_data":[]}}
2024-02-12T14:35:24+00:00 INFO {"url":"post-example-2-image-15.jpg","data":{"errors":{"http_request_failed":["cURL error 28: Operation timed out after 5008 milliseconds with 0 bytes received"]},"error_data":[]}}
2024-02-12T14:35:29+00:00 INFO {"url":"post-example-2-image-15.jpg","data":{"errors":{"http_request_failed":["cURL error 28: Operation timed out after 5005 milliseconds with 0 bytes received"]},"error_data":[]}}
2024-02-12T14:35:34+00:00 INFO {"url":"post-example-2-image-15.jpg","data":{"errors":{"http_request_failed":["cURL error 28: Operation timed out after 5011 milliseconds with 0 bytes received"]},"error_data":[]}}
2024-02-12T14:35:39+00:00 INFO {"url":"post-example-2-image-16.jpg","data":{"errors":{"http_request_failed":["cURL error 28: Operation timed out after 5008 milliseconds with 0 bytes received"]},"error_data":[]}}
2024-02-12T14:35:44+00:00 INFO {"url":"post-example-2-image-16.jpg","data":{"errors":{"http_request_failed":["cURL error 28: Operation timed out after 5010 milliseconds with 0 bytes received"]},"error_data":[]}}
2024-02-12T14:35:49+00:00 INFO {"url":"post-example-2-image-16.jpg","data":{"errors":{"http_request_failed":["cURL error 28: Operation timed out after 5007 milliseconds with 0 bytes received"]},"error_data":[]}}
2024-02-12T14:35:54+00:00 INFO {"url":"post-example-2-image-17.jpg","data":{"errors":{"http_request_failed":["cURL error 28: Operation timed out after 5008 milliseconds with 0 bytes received"]},"error_data":[]}}
2024-02-12T14:35:59+00:00 INFO {"url":"post-example-2-image-17.jpg","data":{"errors":{"http_request_failed":["cURL error 28: Operation timed out after 5000 milliseconds with 0 bytes received"]},"error_data":[]}}
2024-02-12T14:36:04+00:00 INFO {"url":"post-example-2-image-17.jpg","data":{"errors":{"http_request_failed":["cURL error 28: Operation timed out after 5003 milliseconds with 0 bytes received"]},"error_data":[]}}
2024-02-12T14:36:09+00:00 INFO {"url":"post-example-2-image-18.jpg","data":{"errors":{"http_request_failed":["cURL error 28: Operation timed out after 5014 milliseconds with 0 bytes received"]},"error_data":[]}}
2024-02-12T14:36:14+00:00 INFO {"url":"post-example-2-image-18.jpg","data":{"errors":{"http_request_failed":["cURL error 28: Operation timed out after 5005 milliseconds with 0 bytes received"]},"error_data":[]}}
2024-02-12T14:36:19+00:00 INFO {"url":"post-example-2-image-18.jpg","data":{"errors":{"http_request_failed":["cURL error 28: Operation timed out after 5003 milliseconds with 0 bytes received"]},"error_data":[]}}
2024-02-12T14:36:24+00:00 INFO {"url":"post-example-2-image-19.jpg","data":{"errors":{"http_request_failed":["cURL error 28: Operation timed out after 5008 milliseconds with 0 bytes received"]},"error_data":[]}}
2024-02-12T14:36:29+00:00 INFO {"url":"post-example-2-image-19.jpg","data":{"errors":{"http_request_failed":["cURL error 28: Operation timed out after 5008 milliseconds with 0 bytes received"]},"error_data":[]}}
2024-02-12T14:36:35+00:00 INFO {"url":"post-example-2-image-19.jpg","data":{"errors":{"http_request_failed":["cURL error 28: Operation timed out after 5000 milliseconds with 0 bytes received"]},"error_data":[]}}
2024-02-12T14:36:40+00:00 INFO {"url":"post-example-2-image-20.jpg","data":{"errors":{"http_request_failed":["cURL error 28: Operation timed out after 5007 milliseconds with 0 bytes received"]},"error_data":[]}}
2024-02-12T14:36:45+00:00 INFO {"url":"post-example-2-image-20.jpg","data":{"errors":{"http_request_failed":["cURL error 28: Operation timed out after 5009 milliseconds with 0 bytes received"]},"error_data":[]}}
2024-02-12T14:36:50+00:00 INFO {"url":"post-example-2-image-20.jpg","data":{"errors":{"http_request_failed":["cURL error 28: Operation timed out after 5011 milliseconds with 0 bytes received"]},"error_data":[]}}
2024-02-12T14:36:55+00:00 INFO {"url":"post-example-2-image-21.jpg","data":{"errors":{"http_request_failed":["cURL error 28: Operation timed out after 5014 milliseconds with 0 bytes received"]},"error_data":[]}}
2024-02-12T14:37:00+00:00 INFO {"url":"post-example-2-image-21.jpg","data":{"errors":{"http_request_failed":["cURL error 28: Operation timed out after 5006 milliseconds with 0 bytes received"]},"error_data":[]}}
2024-02-12T14:37:05+00:00 INFO {"url":"post-example-2-image-21.jpg","data":{"errors":{"http_request_failed":["cURL error 28: Operation timed out after 5008 milliseconds with 0 bytes received"]},"error_data":[]}}
2024-02-12T14:37:10+00:00 INFO {"url":"post-example-2-image-22.jpg","data":{"errors":{"http_request_failed":["cURL error 28: Operation timed out after 5008 milliseconds with 0 bytes received"]},"error_data":[]}}
2024-02-12T14:37:15+00:00 INFO {"url":"post-example-2-image-22.jpg","data":{"errors":{"http_request_failed":["cURL error 28: Operation timed out after 5009 milliseconds with 0 bytes received"]},"error_data":[]}}
2024-02-12T14:37:20+00:00 INFO {"url":"post-example-2-image-22.jpg","data":{"errors":{"http_request_failed":["cURL error 28: Operation timed out after 5013 milliseconds with 0 bytes received"]},"error_data":[]}}
2024-02-12T14:37:25+00:00 INFO {"url":"post-3-gallery-4-min.jpg","data":{"errors":{"http_request_failed":["cURL error 28: Operation timed out after 5010 milliseconds with 0 bytes received"]},"error_data":[]}}
2024-02-12T14:37:30+00:00 INFO {"url":"post-3-gallery-4-min.jpg","data":{"errors":{"http_request_failed":["cURL error 28: Operation timed out after 5005 milliseconds with 0 bytes received"]},"error_data":[]}}
2024-02-12T14:37:35+00:00 INFO {"url":"post-3-gallery-4-min.jpg","data":{"errors":{"http_request_failed":["cURL error 28: Operation timed out after 5004 milliseconds with 0 bytes received"]},"error_data":[]}}
2024-02-12T14:37:40+00:00 INFO {"url":"about-us-3-image-1.jpg","data":{"errors":{"http_request_failed":["cURL error 28: Operation timed out after 5000 milliseconds with 0 bytes received"]},"error_data":[]}}
